{"body":{"email":"string","password":"string"},"level":"info","msg":"","time":"2022-12-01T20:48:20+03:00"}
{"body":{"firstName":"string","lastName":"string","username":"string","email":"ysfglmz.34@gmail.com","phoneNumber":"string","password":"string","userRoles":[{"roleId":1}]},"level":"info","msg":"","time":"2022-12-03T23:22:12+03:00"}
{"body":{"firstName":"string","lastName":"string","username":"string","email":"ysfglmz.34@gmail.com","phoneNumber":"string","password":"string","userRoles":[{"roleId":1}]},"level":"info","msg":"","time":"2022-12-03T23:22:54+03:00"}
{"body":{"firstName":"string","lastName":"string","username":"string","email":"ysfglmz.34@gmail.com","phoneNumber":"string","password":"string","userRoles":[{"roleId":1}]},"level":"info","msg":"","time":"2022-12-03T23:25:48+03:00"}
{"body":{"firstName":"string","lastName":"string","username":"string","email":"ysfglmz.34@gmail.com","phoneNumber":"string","password":"string","userRoles":[{"roleId":1}]},"level":"info","msg":"","time":"2022-12-03T23:25:49+03:00"}
{"body":{"firstName":"string","lastName":"string","username":"string","email":"ysfglmz.34@gmail.com","phoneNumber":"string","password":"string","userRoles":[{"roleId":1}]},"level":"info","msg":"","time":"2022-12-03T23:27:08+03:00"}
{"body":{"firstName":"string","lastName":"string","username":"string","email":"ysfglmz.34@gmail.com","phoneNumber":"string","password":"string","userRoles":[{"roleId":1}]},"level":"info","msg":"","time":"2022-12-03T23:27:09+03:00"}
{"body":{"firstName":"yusuf","lastName":"gulmez","username":"ysf34","email":"ysfglmaz.34@gmail.com","phoneNumber":"5535456465","password":"123","userRoles":[{"roleId":1}]},"level":"info","msg":"","time":"2022-12-07T13:37:26+03:00"}
{"body":{"firstName":"yusuf","lastName":"gulmez","username":"ysf34","email":"ysfglmaz.34@gmail.com","phoneNumber":"5535456465","password":"123","userRoles":[{"roleId":1}]},"level":"info","msg":"","time":"2022-12-07T13:39:08+03:00"}
{"body":{"firstName":"yusuf","lastName":"gulmez","username":"ysf34","email":"ysfglmz.34@gmail.com","phoneNumber":"5535456465","password":"123","userRoles":[{"roleId":1}]},"level":"info","msg":"","time":"2022-12-07T13:39:47+03:00"}
{"body":{"firstName":"string","lastName":"string","username":"string","email":"ysfglmz.34@gmail.com","phoneNumber":"string","password":"string","userRoles":[{"roleId":1}]},"level":"info","msg":"","time":"2022-12-07T19:56:06+03:00"}
{"body":{"firstName":"string","lastName":"string","username":"string","email":"ysfglmz.34@gmail.com","phoneNumber":"string","password":"string","userRoles":[{"roleId":1}]},"level":"info","msg":"","time":"2022-12-10T17:28:25+03:00"}
{"body":{"firstName":"string","lastName":"string","username":"string","email":"ysfglmz.34@gmail.com","phoneNumber":"string","password":"string","userRoles":[{"roleId":1}]},"level":"info","msg":"","time":"2022-12-10T17:37:31+03:00"}
{"body":{"firstName":"string","lastName":"string","username":"string","email":"ysfglmz.34@gmail.com","phoneNumber":"string","password":"string","userRoles":[{"roleId":1}]},"level":"info","msg":"","time":"2022-12-10T17:40:37+03:00"}
{"body":{"firstName":"string","lastName":"string","username":"string","email":"ysfglmz.34@gmail.com","phoneNumber":"string","password":"string","userRoles":[{"roleId":1}]},"level":"info","msg":"","time":"2022-12-10T17:41:41+03:00"}
{"body":{"firstName":"string","lastName":"string","username":"string","email":"ysfglmz.34@gmail.com","phoneNumber":"string","password":"string","userRoles":[{"roleId":1}]},"level":"info","msg":"","time":"2022-12-10T17:43:30+03:00"}
{"body":{"firstName":"string","lastName":"string","username":"string","email":"ysfglmz.34@gmail.com","phoneNumber":"string","password":"string","userRoles":[{"roleId":1}]},"level":"info","msg":"","time":"2022-12-10T17:43:35+03:00"}
{"body":{"firstName":"string","lastName":"string","username":"string","email":"ysfglmz.34@gmail.com","phoneNumber":"string","password":"string","userRoles":[{"roleId":1}]},"level":"info","msg":"","time":"2022-12-10T17:50:13+03:00"}
{"body":{"firstName":"string","lastName":"string","username":"string","email":"ysfglmz.34@gmail.com","phoneNumber":"string","password":"string","userRoles":[{"roleId":1}]},"level":"info","msg":"","time":"2022-12-10T17:59:29+03:00"}
{"body":{"firstName":"string","lastName":"string","username":"string","email":"ysfglmz.34@gmail.com","phoneNumber":"string","password":"string","userRoles":[{"roleId":1}]},"level":"info","msg":"","time":"2022-12-10T18:01:44+03:00"}
{"body":{"firstName":"string","lastName":"string","username":"string","email":"ysfglmz.34@gmail.com","phoneNumber":"string","password":"string","userRoles":[{"roleId":1}]},"level":"info","msg":"","time":"2022-12-10T18:01:50+03:00"}
{"body":{"firstName":"string","lastName":"string","username":"string","email":"ysfglmDz.34@gmail.com","phoneNumber":"string","password":"string","userRoles":[{"roleId":1}]},"level":"info","msg":"","time":"2022-12-10T18:02:16+03:00"}
{"body":{"firstName":"string","lastName":"string","username":"string","email":"ysfglmz.34@gmail.com","phoneNumber":"string","password":"string","userRoles":[{"roleId":1}]},"level":"info","msg":"","time":"2022-12-10T18:03:00+03:00"}
{"body":{"firstName":"string","lastName":"string","username":"string","email":"ysfglmz.34@gmail.com","phoneNumber":"string","password":"string","userRoles":[{"roleId":1}]},"level":"info","msg":"","time":"2022-12-10T18:03:21+03:00"}
{"body":{"firstName":"string","lastName":"string","username":"string","email":"ysfglmz.34@gmail.com","phoneNumber":"string","password":"string","userRoles":[{"roleId":1}]},"level":"info","msg":"","time":"2022-12-10T18:03:33+03:00"}
{"level":"info","msg":"","time":"2022-12-10T18:06:59+03:00"}
{"body":{"firstName":"yusuf","lastName":"gulmez","username":"yusuf34","email":"ysfglmz.34@gmail.com","phoneNumber":"05569874512","password":"1234","userRoles":[{"roleId":2}]},"level":"info","msg":"","time":"2022-12-12T15:36:19+03:00"}
{"level":"info","msg":"","time":"2022-12-12T15:38:01+03:00"}
{"body":{"email":"ysfglmz.34@gmail.com","password":"1234"},"level":"info","msg":"","time":"2022-12-12T15:40:18+03:00"}
{"body":{"email":"ysfglmz.34@gmail.com","password":"1234"},"level":"info","msg":"","time":"2022-12-12T15:45:56+03:00"}
{"body":{"firstName":"yusuf","lastName":"gulmez","username":"yusuf34","email":"ysfglmz.34@gmail.com","phoneNumber":"05569874512","password":"1234","userRoles":[{"roleId":2}]},"level":"info","msg":"","time":"2022-12-12T16:18:52+03:00"}
{"level":"info","msg":"","time":"2022-12-12T16:19:13+03:00"}
{"body":{"email":"ysfglmz.34@gmail.com","password":"1234"},"level":"info","msg":"","time":"2022-12-12T16:19:20+03:00"}
{"body":{"email":"ysfglmz.34@gmail.com","password":"1234"},"level":"info","msg":"","time":"2022-12-12T17:02:49+03:00"}
{"body":{"email":"ysfglmz.34@gmail.com","password":"1234"},"level":"info","msg":"","time":"2022-12-12T17:05:51+03:00"}
{"body":{"email":"ysfglmz.34@gmail.com","password":"1234"},"level":"info","msg":"","time":"2022-12-12T17:08:42+03:00"}
{"body":{"email":"ysfglmz.34@gmail.com","password":"1234"},"level":"info","msg":"","time":"2022-12-12T17:09:42+03:00"}
